# JRE version: OpenJDK Runtime Environment (7.0_91-b02) (build 1.7.0_91-b02)
# Java VM: OpenJDK 64-Bit Server VM (24.91-b01 mixed mode linux-amd64 compressed oops)
Heap
 PSYoungGen      total 110592K, used 15133K [0x00000000eaa80000, 0x00000000f2680000, 0x0000000100000000)
  eden space 95232K, 0% used [0x00000000eaa80000,0x00000000eaa80000,0x00000000f0780000)
  from space 15360K, 98% used [0x00000000f0780000,0x00000000f1647650,0x00000000f1680000)
  to   space 14336K, 0% used [0x00000000f1680000,0x00000000f1680000,0x00000000f2480000)
 ParOldGen       total 62464K, used 33199K [0x00000000c0000000, 0x00000000c3d00000, 0x00000000eaa80000)
  object space 62464K, 53% used [0x00000000c0000000,0x00000000c206bf90,0x00000000c3d00000)
 PSPermGen       total 21504K, used 5977K [0x00000000b5a00000, 0x00000000b6f00000, 0x00000000c0000000)
  object space 21504K, 27% used [0x00000000b5a00000,0x00000000b5fd6708,0x00000000b6f00000)
GC Heap History (10 events):
Event: 3.997 GC heap after
Heap after GC invocations=2 (full 0):
 PSYoungGen      total 27648K, used 3569K [0x00000000eaa80000, 0x00000000ee080000, 0x0000000100000000)
  eden space 24064K, 0% used [0x00000000eaa80000,0x00000000eaa80000,0x00000000ec200000)
  from space 3584K, 99% used [0x00000000ec580000,0x00000000ec8fc468,0x00000000ec900000)
  to   space 3584K, 0% used [0x00000000ec200000,0x00000000ec200000,0x00000000ec580000)
 ParOldGen       total 62464K, used 8564K [0x00000000c0000000, 0x00000000c3d00000, 0x00000000eaa80000)
  object space 62464K, 13% used [0x00000000c0000000,0x00000000c085d250,0x00000000c3d00000)
 PSPermGen       total 21504K, used 5640K [0x00000000b5a00000, 0x00000000b6f00000, 0x00000000c0000000)
  object space 21504K, 26% used [0x00000000b5a00000,0x00000000b5f823e8,0x00000000b6f00000)
}
Event: 4.880 GC heap before
{Heap before GC invocations=3 (full 0):
 PSYoungGen      total 27648K, used 27633K [0x00000000eaa80000, 0x00000000ee080000, 0x0000000100000000)
  eden space 24064K, 100% used [0x00000000eaa80000,0x00000000ec200000,0x00000000ec200000)
  from space 3584K, 99% used [0x00000000ec580000,0x00000000ec8fc468,0x00000000ec900000)
  to   space 3584K, 0% used [0x00000000ec200000,0x00000000ec200000,0x00000000ec580000)
 ParOldGen       total 62464K, used 8564K [0x00000000c0000000, 0x00000000c3d00000, 0x00000000eaa80000)
  object space 62464K, 13% used [0x00000000c0000000,0x00000000c085d250,0x00000000c3d00000)
 PSPermGen       total 21504K, used 5678K [0x00000000b5a00000, 0x00000000b6f00000, 0x00000000c0000000)
  object space 21504K, 26% used [0x00000000b5a00000,0x00000000b5f8b8d8,0x00000000b6f00000)
Event: 4.914 GC heap after
Heap after GC invocations=3 (full 0):
 PSYoungGen      total 27648K, used 3570K [0x00000000eaa80000, 0x00000000ee080000, 0x0000000100000000)
  eden space 24064K, 0% used [0x00000000eaa80000,0x00000000eaa80000,0x00000000ec200000)
  from space 3584K, 99% used [0x00000000ec200000,0x00000000ec57cb18,0x00000000ec580000)
  to   space 3584K, 0% used [0x00000000edd00000,0x00000000edd00000,0x00000000ee080000)
 ParOldGen       total 62464K, used 15969K [0x00000000c0000000, 0x00000000c3d00000, 0x00000000eaa80000)
  object space 62464K, 25% used [0x00000000c0000000,0x00000000c0f98540,0x00000000c3d00000)
 PSPermGen       total 21504K, used 5678K [0x00000000b5a00000, 0x00000000b6f00000, 0x00000000c0000000)
  object space 21504K, 26% used [0x00000000b5a00000,0x00000000b5f8b8d8,0x00000000b6f00000)
}
Event: 6.109 GC heap before
{Heap before GC invocations=4 (full 0):
 PSYoungGen      total 27648K, used 27634K [0x00000000eaa80000, 0x00000000ee080000, 0x0000000100000000)
  eden space 24064K, 100% used [0x00000000eaa80000,0x00000000ec200000,0x00000000ec200000)
  from space 3584K, 99% used [0x00000000ec200000,0x00000000ec57cb18,0x00000000ec580000)
  to   space 3584K, 0% used [0x00000000edd00000,0x00000000edd00000,0x00000000ee080000)
 ParOldGen       total 62464K, used 15969K [0x00000000c0000000, 0x00000000c3d00000, 0x00000000eaa80000)
  object space 62464K, 25% used [0x00000000c0000000,0x00000000c0f98540,0x00000000c3d00000)
 PSPermGen       total 21504K, used 5699K [0x00000000b5a00000, 0x00000000b6f00000, 0x00000000c0000000)
  object space 21504K, 26% used [0x00000000b5a00000,0x00000000b5f90d98,0x00000000b6f00000)
Event: 6.147 GC heap after
Heap after GC invocations=4 (full 0):
 PSYoungGen      total 51712K, used 3570K [0x00000000eaa80000, 0x00000000ee080000, 0x0000000100000000)
  eden space 48128K, 0% used [0x00000000eaa80000,0x00000000eaa80000,0x00000000ed980000)
  from space 3584K, 99% used [0x00000000edd00000,0x00000000ee07cb80,0x00000000ee080000)
  to   space 3584K, 0% used [0x00000000ed980000,0x00000000ed980000,0x00000000edd00000)
 ParOldGen       total 62464K, used 22455K [0x00000000c0000000, 0x00000000c3d00000, 0x00000000eaa80000)
  object space 62464K, 35% used [0x00000000c0000000,0x00000000c15ede20,0x00000000c3d00000)
 PSPermGen       total 21504K, used 5699K [0x00000000b5a00000, 0x00000000b6f00000, 0x00000000c0000000)
  object space 21504K, 26% used [0x00000000b5a00000,0x00000000b5f90d98,0x00000000b6f00000)
}
Event: 9.309 GC heap before
{Heap before GC invocations=5 (full 0):
 PSYoungGen      total 51712K, used 51698K [0x00000000eaa80000, 0x00000000ee080000, 0x0000000100000000)
  eden space 48128K, 100% used [0x00000000eaa80000,0x00000000ed980000,0x00000000ed980000)
  from space 3584K, 99% used [0x00000000edd00000,0x00000000ee07cb80,0x00000000ee080000)
  to   space 3584K, 0% used [0x00000000ed980000,0x00000000ed980000,0x00000000edd00000)
 ParOldGen       total 62464K, used 22455K [0x00000000c0000000, 0x00000000c3d00000, 0x00000000eaa80000)
  object space 62464K, 35% used [0x00000000c0000000,0x00000000c15ede20,0x00000000c3d00000)
 PSPermGen       total 21504K, used 5721K [0x00000000b5a00000, 0x00000000b6f00000, 0x00000000c0000000)
  object space 21504K, 26% used [0x00000000b5a00000,0x00000000b5f96600,0x00000000b6f00000)
Event: 9.364 GC heap after
Heap after GC invocations=5 (full 0):
 PSYoungGen      total 51712K, used 3560K [0x00000000eaa80000, 0x00000000f2480000, 0x0000000100000000)
  eden space 48128K, 0% used [0x00000000eaa80000,0x00000000eaa80000,0x00000000ed980000)
  from space 3584K, 99% used [0x00000000ed980000,0x00000000edcfa050,0x00000000edd00000)
  to   space 14336K, 0% used [0x00000000f1680000,0x00000000f1680000,0x00000000f2480000)
 ParOldGen       total 62464K, used 31323K [0x00000000c0000000, 0x00000000c3d00000, 0x00000000eaa80000)
  object space 62464K, 50% used [0x00000000c0000000,0x00000000c1e96c28,0x00000000c3d00000)
 PSPermGen       total 21504K, used 5721K [0x00000000b5a00000, 0x00000000b6f00000, 0x00000000c0000000)
  object space 21504K, 26% used [0x00000000b5a00000,0x00000000b5f96600,0x00000000b6f00000)
}
Event: 10.499 GC heap before
{Heap before GC invocations=6 (full 0):
 PSYoungGen      total 51712K, used 51688K [0x00000000eaa80000, 0x00000000f2480000, 0x0000000100000000)
  eden space 48128K, 100% used [0x00000000eaa80000,0x00000000ed980000,0x00000000ed980000)
  from space 3584K, 99% used [0x00000000ed980000,0x00000000edcfa050,0x00000000edd00000)
  to   space 14336K, 0% used [0x00000000f1680000,0x00000000f1680000,0x00000000f2480000)
 ParOldGen       total 62464K, used 31323K [0x00000000c0000000, 0x00000000c3d00000, 0x00000000eaa80000)
  object space 62464K, 50% used [0x00000000c0000000,0x00000000c1e96c28,0x00000000c3d00000)
 PSPermGen       total 21504K, used 5771K [0x00000000b5a00000, 0x00000000b6f00000, 0x00000000c0000000)
  object space 21504K, 26% used [0x00000000b5a00000,0x00000000b5fa2fc0,0x00000000b6f00000)
Event: 10.572 GC heap after
Heap after GC invocations=6 (full 0):
 PSYoungGen      total 109568K, used 12621K [0x00000000eaa80000, 0x00000000f2680000, 0x0000000100000000)
  eden space 95232K, 0% used [0x00000000eaa80000,0x00000000eaa80000,0x00000000f0780000)
  from space 14336K, 88% used [0x00000000f1680000,0x00000000f22d3678,0x00000000f2480000)
  to   space 15360K, 0% used [0x00000000f0780000,0x00000000f0780000,0x00000000f1680000)
 ParOldGen       total 62464K, used 31323K [0x00000000c0000000, 0x00000000c3d00000, 0x00000000eaa80000)
  object space 62464K, 50% used [0x00000000c0000000,0x00000000c1e96c28,0x00000000c3d00000)
 PSPermGen       total 21504K, used 5771K [0x00000000b5a00000, 0x00000000b6f00000, 0x00000000c0000000)
  object space 21504K, 26% used [0x00000000b5a00000,0x00000000b5fa2fc0,0x00000000b6f00000)
}
Event: 18.533 GC heap before
{Heap before GC invocations=7 (full 0):
 PSYoungGen      total 109568K, used 107853K [0x00000000eaa80000, 0x00000000f2680000, 0x0000000100000000)
  eden space 95232K, 100% used [0x00000000eaa80000,0x00000000f0780000,0x00000000f0780000)
  from space 14336K, 88% used [0x00000000f1680000,0x00000000f22d3678,0x00000000f2480000)
  to   space 15360K, 0% used [0x00000000f0780000,0x00000000f0780000,0x00000000f1680000)
 ParOldGen       total 62464K, used 31323K [0x00000000c0000000, 0x00000000c3d00000, 0x00000000eaa80000)
  object space 62464K, 50% used [0x00000000c0000000,0x00000000c1e96c28,0x00000000c3d00000)
 PSPermGen       total 21504K, used 5977K [0x00000000b5a00000, 0x00000000b6f00000, 0x00000000c0000000)
  object space 21504K, 27% used [0x00000000b5a00000,0x00000000b5fd6708,0x00000000b6f00000)

